<?xml version="1.0" encoding="UTF-8"?>
<testng-results ignored="0" total="1" passed="1" failed="0" skipped="0">
  <reporter-output>
  </reporter-output>
  <suite started-at="2021-07-28T18:07:12 IST" name="Suite" finished-at="2021-07-28T18:07:33 IST" duration-ms="20200">
    <groups>
    </groups>
    <test started-at="2021-07-28T18:07:12 IST" name="Test" finished-at="2021-07-28T18:07:33 IST" duration-ms="20200">
      <class name="com.thinkbridge.shopbridge.SignupPage">
        <test-method is-config="true" signature="setup(java.lang.String)[pri:0, instance:com.thinkbridge.shopbridge.SignupPage@159f197]" started-at="2021-07-28T18:07:12 IST" name="setup" finished-at="2021-07-28T18:07:15 IST" duration-ms="3030" status="PASS">
          <params>
            <param index="0">
              <value>
                <![CDATA[chrome]]>
              </value>
            </param>
          </params>
          <reporter-output>
          </reporter-output>
        </test-method> <!-- setup -->
        <test-method signature="logintest()[pri:0, instance:com.thinkbridge.shopbridge.SignupPage@159f197]" started-at="2021-07-28T18:07:15 IST" name="logintest" finished-at="2021-07-28T18:07:32 IST" duration-ms="16459" status="PASS">
          <reporter-output>
          </reporter-output>
        </test-method> <!-- logintest -->
        <test-method is-config="true" signature="teardown()[pri:0, instance:com.thinkbridge.shopbridge.SignupPage@159f197]" started-at="2021-07-28T18:07:32 IST" name="teardown" finished-at="2021-07-28T18:07:33 IST" duration-ms="673" status="PASS">
          <reporter-output>
          </reporter-output>
        </test-method> <!-- teardown -->
      </class> <!-- com.thinkbridge.shopbridge.SignupPage -->
    </test> <!-- Test -->
  </suite> <!-- Suite -->
</testng-results>
